NAME:NAME OF FILE:SIZE:DATE
anurag:video3.mp4:size-27M:Mon Apr 21 15:40:28 IST 2014
anurag:video1.mp4:size-48M:Mon Apr 21 15:40:28 IST 2014
dsramteke:AagLagJayeDeKalFashion.MP3:size-1.4M:Mon Apr 21 15:42:12 IST 2014
2011224:video2.mp4:size-23M:Mon Apr 21 15:46:31 IST 2014
2011224:video3.mp4:size-27M:Mon Apr 21 15:46:31 IST 2014
2011224:video1.mp4:size-48M:Mon Apr 21 15:46:31 IST 2014
2011127:video2.mp4:size-23M:Mon Apr 21 15:46:31 IST 2014
2011127:video3.mp4:size-27M:Mon Apr 21 15:46:31 IST 2014
2011127:video1.mp4:size-48M:Mon Apr 21 15:46:31 IST 2014
2011001:video2.mp4:size-23M:Mon Apr 21 15:46:31 IST 2014
2011001:video3.mp4:size-27M:Mon Apr 21 15:46:31 IST 2014
2011001:video1.mp4:size-48M:Mon Apr 21 15:46:31 IST 2014
talib:iTunesSetup32-bit.exe:size-75M:Mon Apr 21 15:48:18 IST 2014
talib:video3.mp4:size-27M:Mon Apr 21 15:48:18 IST 2014
talib:video1.mp4:size-48M:Mon Apr 21 15:48:18 IST 2014
atul:video2.mp4:size-23M:Mon Apr 21 15:49:12 IST 2014
atul:video3.mp4:size-27M:Mon Apr 21 15:49:12 IST 2014
atul:video1.mp4:size-48M:Mon Apr 21 15:49:12 IST 2014
alok:3.mp4:size-27M:Mon Apr 21 16:01:06 IST 2014
